ableton
adventofcode
AMA
analogkit
ANormalDayInRussia
AskReddit
askscience
AudioProductionDeals
BedroomBands
cscareerquestions
DadReflexes
dataisbeautiful
datascience
datasets
DIY
EarthPorn
edmproduction
explainlikeimfive
Fitness
food
funny
Futurology
getdisciplined
gifs
github
holdmyredbull
IAmA
im14andthisisdeep
InternetIsBeautiful
LanguageTechnology
learnmachinelearning
learnmath
learnpython
LifeProTips
linux
MachineLearning
mildlyinfuriating
MLQuestions
modular
MusicInTheMaking
musictheory
nextfuckinglevel
nonononoyes
OldSchoolCool
Parenting
perfectloops
personalfinance
photoshopbattles
PoliticalHumor
science
Showerthoughts
space
statistics
synthdiy
SynthDoodles
synthesizers
synthrecipes
Synths4Sale
WeAreTheMusicMakers
Whatcouldgowrong
